<?xml version="1.0" encoding="UTF-8"?>
<!-- Generated by org.testng.reporters.JUnitReportReporter -->
<testsuite skipped="0" hostname="Himanshu407501" name="Listener_Demo.TestCases" tests="4" failures="0" timestamp="24 May 2017 06:12:51 GMT" time="13.769" errors="0">
  <testcase name="CountOfRedColorTiles" time="3.044" classname="Listener_Demo.TestCases"/>
  <testcase name="CountOfBlueColorTiles" time="4.080" classname="Listener_Demo.TestCases"/>
  <testcase name="Login" time="3.613" classname="Listener_Demo.TestCases"/>
  <testcase name="CountOfGreenColorTiles" time="3.032" classname="Listener_Demo.TestCases"/>
</testsuite> <!-- Listener_Demo.TestCases -->
