<?xml version="1.0" encoding="UTF-8"?>
<!-- Generated by org.testng.reporters.JUnitReportReporter -->
<testsuite hostname="Himanshu407501" name="Listener_Demo.TestCases" tests="4" failures="0" timestamp="24 May 2017 06:07:13 GMT" time="13.084" errors="0">
  <testcase name="Login" time="3.523" classname="Listener_Demo.TestCases"/>
  <testcase name="CountOfBlueColorTiles" time="3.089" classname="Listener_Demo.TestCases"/>
  <testcase name="CountOfGreenColorTiles" time="2.909" classname="Listener_Demo.TestCases"/>
  <testcase name="CountOfRedColorTiles" time="3.563" classname="Listener_Demo.TestCases"/>
</testsuite> <!-- Listener_Demo.TestCases -->
